<?xml version="1.0" encoding="UTF-8"?>
<!-- Generated by org.testng.reporters.JUnitXMLReporter -->
<testsuite ignored="0" hostname="DESKTOP-QQJDICL" failures="1" tests="2" name="Test(failed)" time="12.201" errors="0" timestamp="2024-03-20T14:21:02 IST">
  <testcase classname="testCases.TC_001_AccountRegistrationTest" name="Verify_Account_Registration" time="2.363">
    <failure type="java.lang.AssertionError" message="null">
      <![CDATA[java.lang.AssertionError: null
at testCases.TC_001_AccountRegistrationTest.Verify_Account_Registration(TC_001_AccountRegistrationTest.java:61)
at java.base/java.util.ArrayList.forEach(ArrayList.java:1511)
... Removed 29 stack frames]]>
    </failure>
  </testcase> <!-- Verify_Account_Registration -->
  <testcase classname="testCases.TC_002_LoginTest" name="Verify_Login" time="1.249"/>
</testsuite> <!-- Test(failed) -->
